<?xml version="1.0" encoding="UTF-8" ?>
<testsuite failures="0" time="0.008" errors="0" skipped="0" tests="1" name="adbi.AppTest">
  <properties>
    <property name="java.runtime.name" value="Java(TM) SE Runtime Environment"/>
    <property name="sun.boot.library.path" value="D:\Program_Files\Java\jdk1.6.0_43\jre\bin"/>
    <property name="java.vm.version" value="20.14-b01"/>
    <property name="java.vm.vendor" value="Sun Microsystems Inc."/>
    <property name="java.vendor.url" value="http://java.sun.com/"/>
    <property name="path.separator" value=";"/>
    <property name="java.vm.name" value="Java HotSpot(TM) 64-Bit Server VM"/>
    <property name="file.encoding.pkg" value="sun.io"/>
    <property name="user.country" value="CN"/>
    <property name="sun.java.launcher" value="SUN_STANDARD"/>
    <property name="sun.os.patch.level" value="Service Pack 1"/>
    <property name="java.vm.specification.name" value="Java Virtual Machine Specification"/>
    <property name="user.dir" value="E:\Users\huazhongwang\workspace\adbi_notags"/>
    <property name="java.runtime.version" value="1.6.0_43-b01"/>
    <property name="java.awt.graphicsenv" value="sun.awt.Win32GraphicsEnvironment"/>
    <property name="basedir" value="E:\Users\huazhongwang\workspace\adbi_notags"/>
    <property name="java.endorsed.dirs" value="D:\Program_Files\Java\jdk1.6.0_43\jre\lib\endorsed"/>
    <property name="os.arch" value="amd64"/>
    <property name="surefire.real.class.path" value="E:\Users\huazhongwang\workspace\adbi_notags\target\surefire\surefirebooter905128117998922898.jar"/>
    <property name="java.io.tmpdir" value="C:\Users\HUAZHO~1\AppData\Local\Temp\"/>
    <property name="line.separator" value="
"/>
    <property name="java.vm.specification.vendor" value="Sun Microsystems Inc."/>
    <property name="user.variant" value=""/>
    <property name="os.name" value="Windows 7"/>
    <property name="sun.jnu.encoding" value="GBK"/>
    <property name="java.library.path" value="D:\Program_Files\Java\jdk1.6.0_43\jre\bin;C:\windows\Sun\Java\bin;C:\windows\system32;C:\windows;D:\Program_Files\Java\jdk1.6.0_43\bin;C:\windows\system32;C:\windows;C:\windows\System32\Wbem;C:\windows\System32\WindowsPowerShell\v1.0\;D:\adt-bundle-windows-x86_64-20130219\sdk\tools;D:\adt-bundle-windows-x86_64-20130219\sdk\platform-tools;D:\adt-bundle-windows-x86_64-20130219\SDK Manager;D:\Program_Files\TortoiseSVN\bin;D:\adt-bundle-windows-x86_64-20130219\sdk\tools\sqlite3.exe;D:\Apache Tomcat 6.0.26\bin;D:\apache-maven-3.0.3\bin;;."/>
    <property name="surefire.test.class.path" value="E:\Users\huazhongwang\workspace\adbi_notags\target\test-classes;E:\Users\huazhongwang\workspace\adbi_notags\target\classes;C:\Users\huazhongwang\.m2\repository\junit\junit\3.8.1\junit-3.8.1.jar;C:\Users\huazhongwang\.m2\repository\org\apache\pig\pig\0.10.0\pig-0.10.0.jar;C:\Users\huazhongwang\.m2\repository\commons-cli\commons-cli\1.2\commons-cli-1.2.jar;C:\Users\huazhongwang\.m2\repository\xmlenc\xmlenc\0.52\xmlenc-0.52.jar;C:\Users\huazhongwang\.m2\repository\commons-httpclient\commons-httpclient\3.1\commons-httpclient-3.1.jar;C:\Users\huazhongwang\.m2\repository\commons-codec\commons-codec\1.4\commons-codec-1.4.jar;C:\Users\huazhongwang\.m2\repository\commons-net\commons-net\1.4.1\commons-net-1.4.1.jar;C:\Users\huazhongwang\.m2\repository\org\mortbay\jetty\jetty\6.1.26\jetty-6.1.26.jar;C:\Users\huazhongwang\.m2\repository\org\mortbay\jetty\servlet-api\2.5-20081211\servlet-api-2.5-20081211.jar;C:\Users\huazhongwang\.m2\repository\org\mortbay\jetty\jetty-util\6.1.26\jetty-util-6.1.26.jar;C:\Users\huazhongwang\.m2\repository\tomcat\jasper-runtime\5.5.12\jasper-runtime-5.5.12.jar;C:\Users\huazhongwang\.m2\repository\tomcat\jasper-compiler\5.5.12\jasper-compiler-5.5.12.jar;C:\Users\huazhongwang\.m2\repository\org\mortbay\jetty\jsp-api-2.1\6.1.14\jsp-api-2.1-6.1.14.jar;C:\Users\huazhongwang\.m2\repository\org\mortbay\jetty\jsp-2.1\6.1.14\jsp-2.1-6.1.14.jar;C:\Users\huazhongwang\.m2\repository\org\eclipse\jdt\core\3.1.1\core-3.1.1.jar;C:\Users\huazhongwang\.m2\repository\ant\ant\1.6.5\ant-1.6.5.jar;C:\Users\huazhongwang\.m2\repository\commons-el\commons-el\1.0\commons-el-1.0.jar;C:\Users\huazhongwang\.m2\repository\net\java\dev\jets3t\jets3t\0.7.1\jets3t-0.7.1.jar;C:\Users\huazhongwang\.m2\repository\org\mortbay\jetty\servlet-api-2.5\6.1.14\servlet-api-2.5-6.1.14.jar;C:\Users\huazhongwang\.m2\repository\net\sf\kosmosfs\kfs\0.3\kfs-0.3.jar;C:\Users\huazhongwang\.m2\repository\hsqldb\hsqldb\1.8.0.10\hsqldb-1.8.0.10.jar;C:\Users\huazhongwang\.m2\repository\oro\oro\2.0.8\oro-2.0.8.jar;C:\Users\huazhongwang\.m2\repository\org\apache\hadoop\avro\1.3.2\avro-1.3.2.jar;C:\Users\huazhongwang\.m2\repository\org\codehaus\jackson\jackson-mapper-asl\1.4.2\jackson-mapper-asl-1.4.2.jar;C:\Users\huazhongwang\.m2\repository\org\codehaus\jackson\jackson-core-asl\1.4.2\jackson-core-asl-1.4.2.jar;C:\Users\huazhongwang\.m2\repository\com\thoughtworks\paranamer\paranamer\2.2\paranamer-2.2.jar;C:\Users\huazhongwang\.m2\repository\com\thoughtworks\paranamer\paranamer-ant\2.2\paranamer-ant-2.2.jar;C:\Users\huazhongwang\.m2\repository\com\thoughtworks\paranamer\paranamer-generator\2.2\paranamer-generator-2.2.jar;C:\Users\huazhongwang\.m2\repository\com\thoughtworks\qdox\qdox\1.10.1\qdox-1.10.1.jar;C:\Users\huazhongwang\.m2\repository\dom4j\dom4j\1.6.1\dom4j-1.6.1.jar;C:\Users\huazhongwang\.m2\repository\xml-apis\xml-apis\1.0.b2\xml-apis-1.0.b2.jar;C:\Users\huazhongwang\.m2\repository\org\apache\thrift\libthrift\0.8.0\libthrift-0.8.0.jar;C:\Users\huazhongwang\.m2\repository\org\slf4j\slf4j-api\1.5.8\slf4j-api-1.5.8.jar;C:\Users\huazhongwang\.m2\repository\commons-lang\commons-lang\2.5\commons-lang-2.5.jar;C:\Users\huazhongwang\.m2\repository\org\apache\httpcomponents\httpclient\4.1.2\httpclient-4.1.2.jar;C:\Users\huazhongwang\.m2\repository\org\apache\httpcomponents\httpcore\4.1.3\httpcore-4.1.3.jar;C:\Users\huazhongwang\.m2\repository\org\apache\commons\commons-digester3\3.2\commons-digester3-3.2.jar;C:\Users\huazhongwang\.m2\repository\cglib\cglib\2.2.2\cglib-2.2.2.jar;C:\Users\huazhongwang\.m2\repository\asm\asm\3.3.1\asm-3.3.1.jar;C:\Users\huazhongwang\.m2\repository\commons-beanutils\commons-beanutils\1.8.3\commons-beanutils-1.8.3.jar;C:\Users\huazhongwang\.m2\repository\commons-logging\commons-logging\1.1.1\commons-logging-1.1.1.jar;C:\Users\huazhongwang\.m2\repository\org\apache\hadoop\zebra\0.8.0\zebra-0.8.0-dev.jar;C:\Users\huazhongwang\.m2\repository\mysql\mysql-connector-java\5.1.18\mysql-connector-java-5.1.18.jar;C:\Users\huazhongwang\.m2\repository\org\apache\xmlbeans\xmlbeans\2.3.0\xmlbeans-2.3.0.jar;C:\Users\huazhongwang\.m2\repository\stax\stax-api\1.0.1\stax-api-1.0.1.jar;C:\Users\huazhongwang\.m2\repository\com\sohu\ad\data\sessionlog\sessionlog-thrift\0.2.6\sessionlog-thrift-0.2.6.jar;C:\Users\huazhongwang\.m2\repository\com\sohu\ad\data\sessionlog\sessionlog-plugin\0.2.6\sessionlog-plugin-0.2.6.jar;C:\Users\huazhongwang\.m2\repository\org\apache\hadoop\hadoop-core\0.20.2\hadoop-core-0.20.2.jar;C:\Users\huazhongwang\.m2\repository\com\sohu\ad\data\sessionlog\sessionlog\0.2.6\sessionlog-0.2.6.jar;C:\Users\huazhongwang\.m2\repository\org\apache\hadoop\hadoop-common\0.22.0\hadoop-common-0.22.0.jar;C:\Users\huazhongwang\.m2\repository\org\slf4j\slf4j-log4j12\1.6.1\slf4j-log4j12-1.6.1.jar;C:\Users\huazhongwang\.m2\repository\org\mortbay\jetty\jsp-2.1-jetty\6.1.26\jsp-2.1-jetty-6.1.26.jar;C:\Users\huazhongwang\.m2\repository\org\mortbay\jetty\jsp-api-2.1-glassfish\2.1.v20091210\jsp-api-2.1-glassfish-2.1.v20091210.jar;C:\Users\huazhongwang\.m2\repository\org\mortbay\jetty\jsp-2.1-glassfish\2.1.v20091210\jsp-2.1-glassfish-2.1.v20091210.jar;C:\Users\huazhongwang\.m2\repository\org\eclipse\jdt\core\compiler\ecj\3.5.1\ecj-3.5.1.jar;C:\Users\huazhongwang\.m2\repository\org\apache\avro\avro\1.5.3\avro-1.5.3.jar;C:\Users\huazhongwang\.m2\repository\org\xerial\snappy\snappy-java\1.0.3.2\snappy-java-1.0.3.2.jar;C:\Users\huazhongwang\.m2\repository\org\apache\avro\avro-ipc\1.5.3\avro-ipc-1.5.3.jar;C:\Users\huazhongwang\.m2\repository\com\sohu\adrd\mailutil\1.0\mailutil-1.0.jar;C:\Users\huazhongwang\.m2\repository\org\json\json\20090211\json-20090211.jar;C:\Users\huazhongwang\.m2\repository\net\sourceforge\jexcelapi\jxl\2.6.12\jxl-2.6.12.jar;C:\Users\huazhongwang\.m2\repository\log4j\log4j\1.2.14\log4j-1.2.14.jar;C:\Users\huazhongwang\.m2\repository\com\sohu\adrd\LabelBase\1.0\LabelBase-1.0.jar;C:\Users\huazhongwang\.m2\repository\com\sohu\adrd\AudienceTargeting\1.0\AudienceTargeting-1.0.jar;"/>
    <property name="java.specification.name" value="Java Platform API Specification"/>
    <property name="java.class.version" value="50.0"/>
    <property name="sun.management.compiler" value="HotSpot 64-Bit Tiered Compilers"/>
    <property name="os.version" value="6.1"/>
    <property name="user.home" value="C:\Users\huazhongwang"/>
    <property name="user.timezone" value=""/>
    <property name="java.awt.printerjob" value="sun.awt.windows.WPrinterJob"/>
    <property name="java.specification.version" value="1.6"/>
    <property name="file.encoding" value="GBK"/>
    <property name="user.name" value="huazhongwang"/>
    <property name="java.class.path" value="E:\Users\huazhongwang\workspace\adbi_notags\target\test-classes;E:\Users\huazhongwang\workspace\adbi_notags\target\classes;C:\Users\huazhongwang\.m2\repository\junit\junit\3.8.1\junit-3.8.1.jar;C:\Users\huazhongwang\.m2\repository\org\apache\pig\pig\0.10.0\pig-0.10.0.jar;C:\Users\huazhongwang\.m2\repository\commons-cli\commons-cli\1.2\commons-cli-1.2.jar;C:\Users\huazhongwang\.m2\repository\xmlenc\xmlenc\0.52\xmlenc-0.52.jar;C:\Users\huazhongwang\.m2\repository\commons-httpclient\commons-httpclient\3.1\commons-httpclient-3.1.jar;C:\Users\huazhongwang\.m2\repository\commons-codec\commons-codec\1.4\commons-codec-1.4.jar;C:\Users\huazhongwang\.m2\repository\commons-net\commons-net\1.4.1\commons-net-1.4.1.jar;C:\Users\huazhongwang\.m2\repository\org\mortbay\jetty\jetty\6.1.26\jetty-6.1.26.jar;C:\Users\huazhongwang\.m2\repository\org\mortbay\jetty\servlet-api\2.5-20081211\servlet-api-2.5-20081211.jar;C:\Users\huazhongwang\.m2\repository\org\mortbay\jetty\jetty-util\6.1.26\jetty-util-6.1.26.jar;C:\Users\huazhongwang\.m2\repository\tomcat\jasper-runtime\5.5.12\jasper-runtime-5.5.12.jar;C:\Users\huazhongwang\.m2\repository\tomcat\jasper-compiler\5.5.12\jasper-compiler-5.5.12.jar;C:\Users\huazhongwang\.m2\repository\org\mortbay\jetty\jsp-api-2.1\6.1.14\jsp-api-2.1-6.1.14.jar;C:\Users\huazhongwang\.m2\repository\org\mortbay\jetty\jsp-2.1\6.1.14\jsp-2.1-6.1.14.jar;C:\Users\huazhongwang\.m2\repository\org\eclipse\jdt\core\3.1.1\core-3.1.1.jar;C:\Users\huazhongwang\.m2\repository\ant\ant\1.6.5\ant-1.6.5.jar;C:\Users\huazhongwang\.m2\repository\commons-el\commons-el\1.0\commons-el-1.0.jar;C:\Users\huazhongwang\.m2\repository\net\java\dev\jets3t\jets3t\0.7.1\jets3t-0.7.1.jar;C:\Users\huazhongwang\.m2\repository\org\mortbay\jetty\servlet-api-2.5\6.1.14\servlet-api-2.5-6.1.14.jar;C:\Users\huazhongwang\.m2\repository\net\sf\kosmosfs\kfs\0.3\kfs-0.3.jar;C:\Users\huazhongwang\.m2\repository\hsqldb\hsqldb\1.8.0.10\hsqldb-1.8.0.10.jar;C:\Users\huazhongwang\.m2\repository\oro\oro\2.0.8\oro-2.0.8.jar;C:\Users\huazhongwang\.m2\repository\org\apache\hadoop\avro\1.3.2\avro-1.3.2.jar;C:\Users\huazhongwang\.m2\repository\org\codehaus\jackson\jackson-mapper-asl\1.4.2\jackson-mapper-asl-1.4.2.jar;C:\Users\huazhongwang\.m2\repository\org\codehaus\jackson\jackson-core-asl\1.4.2\jackson-core-asl-1.4.2.jar;C:\Users\huazhongwang\.m2\repository\com\thoughtworks\paranamer\paranamer\2.2\paranamer-2.2.jar;C:\Users\huazhongwang\.m2\repository\com\thoughtworks\paranamer\paranamer-ant\2.2\paranamer-ant-2.2.jar;C:\Users\huazhongwang\.m2\repository\com\thoughtworks\paranamer\paranamer-generator\2.2\paranamer-generator-2.2.jar;C:\Users\huazhongwang\.m2\repository\com\thoughtworks\qdox\qdox\1.10.1\qdox-1.10.1.jar;C:\Users\huazhongwang\.m2\repository\dom4j\dom4j\1.6.1\dom4j-1.6.1.jar;C:\Users\huazhongwang\.m2\repository\xml-apis\xml-apis\1.0.b2\xml-apis-1.0.b2.jar;C:\Users\huazhongwang\.m2\repository\org\apache\thrift\libthrift\0.8.0\libthrift-0.8.0.jar;C:\Users\huazhongwang\.m2\repository\org\slf4j\slf4j-api\1.5.8\slf4j-api-1.5.8.jar;C:\Users\huazhongwang\.m2\repository\commons-lang\commons-lang\2.5\commons-lang-2.5.jar;C:\Users\huazhongwang\.m2\repository\org\apache\httpcomponents\httpclient\4.1.2\httpclient-4.1.2.jar;C:\Users\huazhongwang\.m2\repository\org\apache\httpcomponents\httpcore\4.1.3\httpcore-4.1.3.jar;C:\Users\huazhongwang\.m2\repository\org\apache\commons\commons-digester3\3.2\commons-digester3-3.2.jar;C:\Users\huazhongwang\.m2\repository\cglib\cglib\2.2.2\cglib-2.2.2.jar;C:\Users\huazhongwang\.m2\repository\asm\asm\3.3.1\asm-3.3.1.jar;C:\Users\huazhongwang\.m2\repository\commons-beanutils\commons-beanutils\1.8.3\commons-beanutils-1.8.3.jar;C:\Users\huazhongwang\.m2\repository\commons-logging\commons-logging\1.1.1\commons-logging-1.1.1.jar;C:\Users\huazhongwang\.m2\repository\org\apache\hadoop\zebra\0.8.0\zebra-0.8.0-dev.jar;C:\Users\huazhongwang\.m2\repository\mysql\mysql-connector-java\5.1.18\mysql-connector-java-5.1.18.jar;C:\Users\huazhongwang\.m2\repository\org\apache\xmlbeans\xmlbeans\2.3.0\xmlbeans-2.3.0.jar;C:\Users\huazhongwang\.m2\repository\stax\stax-api\1.0.1\stax-api-1.0.1.jar;C:\Users\huazhongwang\.m2\repository\com\sohu\ad\data\sessionlog\sessionlog-thrift\0.2.6\sessionlog-thrift-0.2.6.jar;C:\Users\huazhongwang\.m2\repository\com\sohu\ad\data\sessionlog\sessionlog-plugin\0.2.6\sessionlog-plugin-0.2.6.jar;C:\Users\huazhongwang\.m2\repository\org\apache\hadoop\hadoop-core\0.20.2\hadoop-core-0.20.2.jar;C:\Users\huazhongwang\.m2\repository\com\sohu\ad\data\sessionlog\sessionlog\0.2.6\sessionlog-0.2.6.jar;C:\Users\huazhongwang\.m2\repository\org\apache\hadoop\hadoop-common\0.22.0\hadoop-common-0.22.0.jar;C:\Users\huazhongwang\.m2\repository\org\slf4j\slf4j-log4j12\1.6.1\slf4j-log4j12-1.6.1.jar;C:\Users\huazhongwang\.m2\repository\org\mortbay\jetty\jsp-2.1-jetty\6.1.26\jsp-2.1-jetty-6.1.26.jar;C:\Users\huazhongwang\.m2\repository\org\mortbay\jetty\jsp-api-2.1-glassfish\2.1.v20091210\jsp-api-2.1-glassfish-2.1.v20091210.jar;C:\Users\huazhongwang\.m2\repository\org\mortbay\jetty\jsp-2.1-glassfish\2.1.v20091210\jsp-2.1-glassfish-2.1.v20091210.jar;C:\Users\huazhongwang\.m2\repository\org\eclipse\jdt\core\compiler\ecj\3.5.1\ecj-3.5.1.jar;C:\Users\huazhongwang\.m2\repository\org\apache\avro\avro\1.5.3\avro-1.5.3.jar;C:\Users\huazhongwang\.m2\repository\org\xerial\snappy\snappy-java\1.0.3.2\snappy-java-1.0.3.2.jar;C:\Users\huazhongwang\.m2\repository\org\apache\avro\avro-ipc\1.5.3\avro-ipc-1.5.3.jar;C:\Users\huazhongwang\.m2\repository\com\sohu\adrd\mailutil\1.0\mailutil-1.0.jar;C:\Users\huazhongwang\.m2\repository\org\json\json\20090211\json-20090211.jar;C:\Users\huazhongwang\.m2\repository\net\sourceforge\jexcelapi\jxl\2.6.12\jxl-2.6.12.jar;C:\Users\huazhongwang\.m2\repository\log4j\log4j\1.2.14\log4j-1.2.14.jar;C:\Users\huazhongwang\.m2\repository\com\sohu\adrd\LabelBase\1.0\LabelBase-1.0.jar;C:\Users\huazhongwang\.m2\repository\com\sohu\adrd\AudienceTargeting\1.0\AudienceTargeting-1.0.jar;"/>
    <property name="java.vm.specification.version" value="1.0"/>
    <property name="sun.arch.data.model" value="64"/>
    <property name="java.home" value="D:\Program_Files\Java\jdk1.6.0_43\jre"/>
    <property name="sun.java.command" value="E:\Users\huazhongwang\workspace\adbi_notags\target\surefire\surefirebooter905128117998922898.jar E:\Users\huazhongwang\workspace\adbi_notags\target\surefire\surefire8172955939396340443tmp E:\Users\huazhongwang\workspace\adbi_notags\target\surefire\surefire184275492942968582tmp"/>
    <property name="java.specification.vendor" value="Sun Microsystems Inc."/>
    <property name="user.language" value="zh"/>
    <property name="awt.toolkit" value="sun.awt.windows.WToolkit"/>
    <property name="java.vm.info" value="mixed mode"/>
    <property name="java.version" value="1.6.0_43"/>
    <property name="java.ext.dirs" value="D:\Program_Files\Java\jdk1.6.0_43\jre\lib\ext;C:\windows\Sun\Java\lib\ext"/>
    <property name="sun.boot.class.path" value="D:\Program_Files\Java\jdk1.6.0_43\jre\lib\resources.jar;D:\Program_Files\Java\jdk1.6.0_43\jre\lib\rt.jar;D:\Program_Files\Java\jdk1.6.0_43\jre\lib\sunrsasign.jar;D:\Program_Files\Java\jdk1.6.0_43\jre\lib\jsse.jar;D:\Program_Files\Java\jdk1.6.0_43\jre\lib\jce.jar;D:\Program_Files\Java\jdk1.6.0_43\jre\lib\charsets.jar;D:\Program_Files\Java\jdk1.6.0_43\jre\lib\modules\jdk.boot.jar;D:\Program_Files\Java\jdk1.6.0_43\jre\classes"/>
    <property name="java.vendor" value="Sun Microsystems Inc."/>
    <property name="localRepository" value="C:\Users\huazhongwang\.m2\repository"/>
    <property name="file.separator" value="\"/>
    <property name="java.vendor.url.bug" value="http://java.sun.com/cgi-bin/bugreport.cgi"/>
    <property name="sun.cpu.endian" value="little"/>
    <property name="sun.io.unicode.encoding" value="UnicodeLittle"/>
    <property name="sun.desktop" value="windows"/>
    <property name="sun.cpu.isalist" value="amd64"/>
  </properties>
  <testcase time="0.001" classname="adbi.AppTest" name="testApp"/>
</testsuite>